{"E:\\Coding\\IUT\\3rdYear\\devAv\\realtime-elo-ranker\\apps\\realtime-elo-ranker-server\\src\\app.controller.ts": {"path":"E:\\Coding\\IUT\\3rdYear\\devAv\\realtime-elo-ranker\\apps\\realtime-elo-ranker-server\\src\\app.controller.ts","statementMap":{"0":{"start":{"line":1,"column":0},"end":{"line":1,"column":49}},"1":{"start":{"line":2,"column":0},"end":{"line":2,"column":43}},"2":{"start":{"line":5,"column":7},"end":{"line":12,"column":null}},"3":{"start":{"line":6,"column":31},"end":{"line":6,"column":43}},"4":{"start":{"line":10,"column":4},"end":{"line":10,"column":38}},"5":{"start":{"line":5,"column":13},"end":{"line":5,"column":26}},"6":{"start":{"line":9,"column":2},"end":{"line":11,"column":null}},"7":{"start":{"line":5,"column":13},"end":{"line":12,"column":null}}},"fnMap":{"0":{"name":"(anonymous_2)","decl":{"start":{"line":6,"column":2},"end":{"line":6,"column":31}},"loc":{"start":{"line":6,"column":53},"end":{"line":6,"column":57}}},"1":{"name":"(anonymous_3)","decl":{"start":{"line":9,"column":2},"end":{"line":9,"column":10}},"loc":{"start":{"line":9,"column":10},"end":{"line":11,"column":3}}}},"branchMap":{},"s":{"0":1,"1":1,"2":1,"3":1,"4":1,"5":1,"6":1,"7":1},"f":{"0":1,"1":1},"b":{}}
,"E:\\Coding\\IUT\\3rdYear\\devAv\\realtime-elo-ranker\\apps\\realtime-elo-ranker-server\\src\\app.module.ts": {"path":"E:\\Coding\\IUT\\3rdYear\\devAv\\realtime-elo-ranker\\apps\\realtime-elo-ranker-server\\src\\app.module.ts","statementMap":{"0":{"start":{"line":2,"column":0},"end":{"line":2,"column":40}},"1":{"start":{"line":5,"column":0},"end":{"line":5,"column":62}},"2":{"start":{"line":6,"column":0},"end":{"line":6,"column":65}},"3":{"start":{"line":7,"column":0},"end":{"line":7,"column":59}},"4":{"start":{"line":8,"column":0},"end":{"line":8,"column":85}},"5":{"start":{"line":9,"column":0},"end":{"line":9,"column":48}},"6":{"start":{"line":35,"column":7},"end":{"line":35,"column":null}},"7":{"start":{"line":35,"column":13},"end":{"line":35,"column":22}},"8":{"start":{"line":35,"column":13},"end":{"line":35,"column":null}}},"fnMap":{},"branchMap":{},"s":{"0":0,"1":0,"2":0,"3":0,"4":0,"5":0,"6":0,"7":0,"8":0},"f":{},"b":{}}
,"E:\\Coding\\IUT\\3rdYear\\devAv\\realtime-elo-ranker\\apps\\realtime-elo-ranker-server\\src\\app.service.ts": {"path":"E:\\Coding\\IUT\\3rdYear\\devAv\\realtime-elo-ranker\\apps\\realtime-elo-ranker-server\\src\\app.service.ts","statementMap":{"0":{"start":{"line":2,"column":0},"end":{"line":2,"column":44}},"1":{"start":{"line":5,"column":7},"end":{"line":9,"column":null}},"2":{"start":{"line":7,"column":4},"end":{"line":7,"column":26}},"3":{"start":{"line":5,"column":13},"end":{"line":5,"column":23}},"4":{"start":{"line":5,"column":13},"end":{"line":9,"column":null}}},"fnMap":{"0":{"name":"(anonymous_1)","decl":{"start":{"line":6,"column":2},"end":{"line":6,"column":10}},"loc":{"start":{"line":6,"column":10},"end":{"line":8,"column":3}}}},"branchMap":{},"s":{"0":1,"1":1,"2":1,"3":1,"4":1},"f":{"0":1},"b":{}}
,"E:\\Coding\\IUT\\3rdYear\\devAv\\realtime-elo-ranker\\apps\\realtime-elo-ranker-server\\src\\main.ts": {"path":"E:\\Coding\\IUT\\3rdYear\\devAv\\realtime-elo-ranker\\apps\\realtime-elo-ranker-server\\src\\main.ts","statementMap":{"0":{"start":{"line":2,"column":0},"end":{"line":2,"column":43}},"1":{"start":{"line":3,"column":0},"end":{"line":3,"column":41}},"2":{"start":{"line":4,"column":0},"end":{"line":4,"column":48}},"3":{"start":{"line":5,"column":0},"end":{"line":5,"column":80}},"4":{"start":{"line":8,"column":14},"end":{"line":8,"column":49}},"5":{"start":{"line":9,"column":2},"end":{"line":9,"column":29}},"6":{"start":{"line":10,"column":2},"end":{"line":16,"column":5}},"7":{"start":{"line":17,"column":2},"end":{"line":25,"column":6}},"8":{"start":{"line":20,"column":23},"end":{"line":22,"column":19}},"9":{"start":{"line":21,"column":22},"end":{"line":21,"column":56}},"10":{"start":{"line":23,"column":6},"end":{"line":23,"column":56}},"11":{"start":{"line":26,"column":2},"end":{"line":26,"column":45}},"12":{"start":{"line":28,"column":0},"end":{"line":28,"column":12}}},"fnMap":{"0":{"name":"bootstrap","decl":{"start":{"line":7,"column":15},"end":{"line":7,"column":24}},"loc":{"start":{"line":7,"column":24},"end":{"line":27,"column":1}}},"1":{"name":"(anonymous_1)","decl":{"start":{"line":19,"column":22},"end":{"line":19,"column":23}},"loc":{"start":{"line":19,"column":33},"end":{"line":24,"column":5}}},"2":{"name":"(anonymous_2)","decl":{"start":{"line":21,"column":17},"end":{"line":21,"column":18}},"loc":{"start":{"line":21,"column":22},"end":{"line":21,"column":56}}}},"branchMap":{"0":{"loc":{"start":{"line":21,"column":36},"end":{"line":21,"column":55}},"type":"binary-expr","locations":[{"start":{"line":21,"column":36},"end":{"line":21,"column":49}},{"start":{"line":21,"column":53},"end":{"line":21,"column":55}}]},"1":{"loc":{"start":{"line":26,"column":19},"end":{"line":26,"column":43}},"type":"binary-expr","locations":[{"start":{"line":26,"column":19},"end":{"line":26,"column":35}},{"start":{"line":26,"column":39},"end":{"line":26,"column":43}}]}},"s":{"0":0,"1":0,"2":0,"3":0,"4":0,"5":0,"6":0,"7":0,"8":0,"9":0,"10":0,"11":0,"12":0},"f":{"0":0,"1":0,"2":0},"b":{"0":[0,0],"1":[0,0]}}
,"E:\\Coding\\IUT\\3rdYear\\devAv\\realtime-elo-ranker\\apps\\realtime-elo-ranker-server\\src\\common\\exceptions\\custom-http.exception.ts": {"path":"E:\\Coding\\IUT\\3rdYear\\devAv\\realtime-elo-ranker\\apps\\realtime-elo-ranker-server\\src\\common\\exceptions\\custom-http.exception.ts","statementMap":{"0":{"start":{"line":2,"column":0},"end":{"line":2,"column":46}},"1":{"start":{"line":6,"column":4},"end":{"line":6,"column":35}},"2":{"start":{"line":4,"column":0},"end":{"line":4,"column":13}}},"fnMap":{"0":{"name":"(anonymous_0)","decl":{"start":{"line":5,"column":2},"end":{"line":5,"column":14}},"loc":{"start":{"line":5,"column":43},"end":{"line":7,"column":3}}}},"branchMap":{},"s":{"0":4,"1":5,"2":4},"f":{"0":5},"b":{}}
,"E:\\Coding\\IUT\\3rdYear\\devAv\\realtime-elo-ranker\\apps\\realtime-elo-ranker-server\\src\\modules\\error\\error.module.ts": {"path":"E:\\Coding\\IUT\\3rdYear\\devAv\\realtime-elo-ranker\\apps\\realtime-elo-ranker-server\\src\\modules\\error\\error.module.ts","statementMap":{"0":{"start":{"line":2,"column":0},"end":{"line":2,"column":40}},"1":{"start":{"line":3,"column":0},"end":{"line":3,"column":62}},"2":{"start":{"line":11,"column":7},"end":{"line":11,"column":null}},"3":{"start":{"line":11,"column":13},"end":{"line":11,"column":24}},"4":{"start":{"line":11,"column":13},"end":{"line":11,"column":null}}},"fnMap":{},"branchMap":{},"s":{"0":1,"1":1,"2":1,"3":1,"4":1},"f":{},"b":{}}
,"E:\\Coding\\IUT\\3rdYear\\devAv\\realtime-elo-ranker\\apps\\realtime-elo-ranker-server\\src\\modules\\error\\dto\\error.dto.ts": {"path":"E:\\Coding\\IUT\\3rdYear\\devAv\\realtime-elo-ranker\\apps\\realtime-elo-ranker-server\\src\\modules\\error\\dto\\error.dto.ts","statementMap":{"0":{"start":{"line":2,"column":0},"end":{"line":2,"column":13}}},"fnMap":{},"branchMap":{},"s":{"0":0},"f":{},"b":{}}
,"E:\\Coding\\IUT\\3rdYear\\devAv\\realtime-elo-ranker\\apps\\realtime-elo-ranker-server\\src\\modules\\error\\model\\error.model.ts": {"path":"E:\\Coding\\IUT\\3rdYear\\devAv\\realtime-elo-ranker\\apps\\realtime-elo-ranker-server\\src\\modules\\error\\model\\error.model.ts","statementMap":{"0":{"start":{"line":8,"column":8},"end":{"line":8,"column":25}},"1":{"start":{"line":9,"column":8},"end":{"line":9,"column":31}},"2":{"start":{"line":13,"column":8},"end":{"line":16,"column":10}},"3":{"start":{"line":20,"column":8},"end":{"line":20,"column":25}},"4":{"start":{"line":24,"column":8},"end":{"line":24,"column":28}},"5":{"start":{"line":2,"column":0},"end":{"line":2,"column":13}}},"fnMap":{"0":{"name":"(anonymous_0)","decl":{"start":{"line":7,"column":4},"end":{"line":7,"column":16}},"loc":{"start":{"line":7,"column":45},"end":{"line":10,"column":5}}},"1":{"name":"(anonymous_1)","decl":{"start":{"line":12,"column":4},"end":{"line":12,"column":12}},"loc":{"start":{"line":12,"column":12},"end":{"line":17,"column":5}}},"2":{"name":"(anonymous_2)","decl":{"start":{"line":19,"column":4},"end":{"line":19,"column":11}},"loc":{"start":{"line":19,"column":11},"end":{"line":21,"column":5}}},"3":{"name":"(anonymous_3)","decl":{"start":{"line":23,"column":4},"end":{"line":23,"column":14}},"loc":{"start":{"line":23,"column":14},"end":{"line":25,"column":5}}}},"branchMap":{},"s":{"0":30,"1":30,"2":8,"3":16,"4":7,"5":9},"f":{"0":30,"1":8,"2":16,"3":7},"b":{}}
,"E:\\Coding\\IUT\\3rdYear\\devAv\\realtime-elo-ranker\\apps\\realtime-elo-ranker-server\\src\\modules\\error\\services\\error\\error.service.ts": {"path":"E:\\Coding\\IUT\\3rdYear\\devAv\\realtime-elo-ranker\\apps\\realtime-elo-ranker-server\\src\\modules\\error\\services\\error\\error.service.ts","statementMap":{"0":{"start":{"line":2,"column":0},"end":{"line":2,"column":44}},"1":{"start":{"line":3,"column":0},"end":{"line":3,"column":53}},"2":{"start":{"line":7,"column":7},"end":{"line":18,"column":null}},"3":{"start":{"line":9,"column":8},"end":{"line":9,"column":45}},"4":{"start":{"line":13,"column":8},"end":{"line":16,"column":10}},"5":{"start":{"line":7,"column":13},"end":{"line":7,"column":25}},"6":{"start":{"line":7,"column":13},"end":{"line":18,"column":null}}},"fnMap":{"0":{"name":"(anonymous_1)","decl":{"start":{"line":8,"column":4},"end":{"line":8,"column":15}},"loc":{"start":{"line":8,"column":45},"end":{"line":10,"column":5}}},"1":{"name":"(anonymous_2)","decl":{"start":{"line":12,"column":11},"end":{"line":12,"column":17}},"loc":{"start":{"line":12,"column":48},"end":{"line":17,"column":5}}}},"branchMap":{},"s":{"0":8,"1":8,"2":8,"3":5,"4":3,"5":8,"6":8},"f":{"0":5,"1":3},"b":{}}
,"E:\\Coding\\IUT\\3rdYear\\devAv\\realtime-elo-ranker\\apps\\realtime-elo-ranker-server\\src\\modules\\event\\event.module.ts": {"path":"E:\\Coding\\IUT\\3rdYear\\devAv\\realtime-elo-ranker\\apps\\realtime-elo-ranker-server\\src\\modules\\event\\event.module.ts","statementMap":{"0":{"start":{"line":2,"column":0},"end":{"line":2,"column":40}},"1":{"start":{"line":5,"column":7},"end":{"line":5,"column":null}},"2":{"start":{"line":5,"column":13},"end":{"line":5,"column":24}},"3":{"start":{"line":5,"column":13},"end":{"line":5,"column":null}}},"fnMap":{},"branchMap":{},"s":{"0":0,"1":0,"2":0,"3":0},"f":{},"b":{}}
,"E:\\Coding\\IUT\\3rdYear\\devAv\\realtime-elo-ranker\\apps\\realtime-elo-ranker-server\\src\\modules\\event\\dto\\RankingEvent.dt.ts": {"path":"E:\\Coding\\IUT\\3rdYear\\devAv\\realtime-elo-ranker\\apps\\realtime-elo-ranker-server\\src\\modules\\event\\dto\\RankingEvent.dt.ts","statementMap":{"0":{"start":{"line":2,"column":0},"end":{"line":2,"column":13}}},"fnMap":{},"branchMap":{},"s":{"0":0},"f":{},"b":{}}
,"E:\\Coding\\IUT\\3rdYear\\devAv\\realtime-elo-ranker\\apps\\realtime-elo-ranker-server\\src\\modules\\event\\dto\\RankingUpdateDto.ts": {"path":"E:\\Coding\\IUT\\3rdYear\\devAv\\realtime-elo-ranker\\apps\\realtime-elo-ranker-server\\src\\modules\\event\\dto\\RankingUpdateDto.ts","statementMap":{"0":{"start":{"line":4,"column":0},"end":{"line":4,"column":13}}},"fnMap":{},"branchMap":{},"s":{"0":2},"f":{},"b":{}}
,"E:\\Coding\\IUT\\3rdYear\\devAv\\realtime-elo-ranker\\apps\\realtime-elo-ranker-server\\src\\modules\\match\\match.module.ts": {"path":"E:\\Coding\\IUT\\3rdYear\\devAv\\realtime-elo-ranker\\apps\\realtime-elo-ranker-server\\src\\modules\\match\\match.module.ts","statementMap":{"0":{"start":{"line":2,"column":0},"end":{"line":2,"column":40}},"1":{"start":{"line":3,"column":0},"end":{"line":3,"column":62}},"2":{"start":{"line":4,"column":0},"end":{"line":4,"column":70}},"3":{"start":{"line":5,"column":0},"end":{"line":5,"column":55}},"4":{"start":{"line":6,"column":0},"end":{"line":6,"column":58}},"5":{"start":{"line":7,"column":0},"end":{"line":7,"column":52}},"6":{"start":{"line":15,"column":7},"end":{"line":15,"column":null}},"7":{"start":{"line":15,"column":13},"end":{"line":15,"column":24}},"8":{"start":{"line":15,"column":13},"end":{"line":15,"column":null}}},"fnMap":{},"branchMap":{},"s":{"0":0,"1":0,"2":0,"3":0,"4":0,"5":0,"6":0,"7":0,"8":0},"f":{},"b":{}}
,"E:\\Coding\\IUT\\3rdYear\\devAv\\realtime-elo-ranker\\apps\\realtime-elo-ranker-server\\src\\modules\\match\\controller\\match\\match.controller.ts": {"path":"E:\\Coding\\IUT\\3rdYear\\devAv\\realtime-elo-ranker\\apps\\realtime-elo-ranker-server\\src\\modules\\match\\controller\\match\\match.controller.ts","statementMap":{"0":{"start":{"line":2,"column":0},"end":{"line":2,"column":66}},"1":{"start":{"line":3,"column":0},"end":{"line":3,"column":59}},"2":{"start":{"line":4,"column":0},"end":{"line":4,"column":66}},"3":{"start":{"line":5,"column":0},"end":{"line":5,"column":90}},"4":{"start":{"line":6,"column":0},"end":{"line":6,"column":75}},"5":{"start":{"line":11,"column":7},"end":{"line":30,"column":null}},"6":{"start":{"line":14,"column":16},"end":{"line":14,"column":30}},"7":{"start":{"line":15,"column":16},"end":{"line":15,"column":30}},"8":{"start":{"line":22,"column":41},"end":{"line":22,"column":95}},"9":{"start":{"line":23,"column":8},"end":{"line":26,"column":9}},"10":{"start":{"line":24,"column":26},"end":{"line":24,"column":103}},"11":{"start":{"line":25,"column":12},"end":{"line":25,"column":85}},"12":{"start":{"line":27,"column":42},"end":{"line":27,"column":88}},"13":{"start":{"line":28,"column":8},"end":{"line":28,"column":61}},"14":{"start":{"line":11,"column":13},"end":{"line":11,"column":28}},"15":{"start":{"line":20,"column":17},"end":{"line":29,"column":null}},"16":{"start":{"line":11,"column":13},"end":{"line":30,"column":null}}},"fnMap":{"0":{"name":"(anonymous_4)","decl":{"start":{"line":13,"column":4},"end":{"line":13,"column":null}},"loc":{"start":{"line":15,"column":42},"end":{"line":16,"column":9}}},"1":{"name":"(anonymous_5)","decl":{"start":{"line":20,"column":17},"end":{"line":20,"column":28}},"loc":{"start":{"line":20,"column":67},"end":{"line":29,"column":5}}}},"branchMap":{"0":{"loc":{"start":{"line":23,"column":8},"end":{"line":26,"column":9}},"type":"if","locations":[{"start":{"line":23,"column":8},"end":{"line":26,"column":9}},{"start":{},"end":{}}]}},"s":{"0":1,"1":1,"2":1,"3":1,"4":1,"5":1,"6":4,"7":4,"8":3,"9":3,"10":2,"11":2,"12":1,"13":1,"14":1,"15":1,"16":1},"f":{"0":4,"1":3},"b":{"0":[2,1]}}
,"E:\\Coding\\IUT\\3rdYear\\devAv\\realtime-elo-ranker\\apps\\realtime-elo-ranker-server\\src\\modules\\match\\dto\\createMatch.dto.ts": {"path":"E:\\Coding\\IUT\\3rdYear\\devAv\\realtime-elo-ranker\\apps\\realtime-elo-ranker-server\\src\\modules\\match\\dto\\createMatch.dto.ts","statementMap":{"0":{"start":{"line":2,"column":0},"end":{"line":2,"column":91}},"1":{"start":{"line":4,"column":0},"end":{"line":4,"column":13}},"2":{"start":{"line":8,"column":4},"end":{"line":8,"column":null}},"3":{"start":{"line":13,"column":4},"end":{"line":13,"column":null}},"4":{"start":{"line":17,"column":4},"end":{"line":17,"column":null}}},"fnMap":{},"branchMap":{},"s":{"0":3,"1":3,"2":3,"3":3,"4":3},"f":{},"b":{}}
,"E:\\Coding\\IUT\\3rdYear\\devAv\\realtime-elo-ranker\\apps\\realtime-elo-ranker-server\\src\\modules\\match\\dto\\matchResult.dto.ts": {"path":"E:\\Coding\\IUT\\3rdYear\\devAv\\realtime-elo-ranker\\apps\\realtime-elo-ranker-server\\src\\modules\\match\\dto\\matchResult.dto.ts","statementMap":{"0":{"start":{"line":4,"column":0},"end":{"line":4,"column":13}}},"fnMap":{},"branchMap":{},"s":{"0":0},"f":{},"b":{}}
,"E:\\Coding\\IUT\\3rdYear\\devAv\\realtime-elo-ranker\\apps\\realtime-elo-ranker-server\\src\\modules\\match\\model\\match.model.ts": {"path":"E:\\Coding\\IUT\\3rdYear\\devAv\\realtime-elo-ranker\\apps\\realtime-elo-ranker-server\\src\\modules\\match\\model\\match.model.ts","statementMap":{"0":{"start":{"line":11,"column":8},"end":{"line":11,"column":29}},"1":{"start":{"line":12,"column":8},"end":{"line":12,"column":27}},"2":{"start":{"line":13,"column":8},"end":{"line":13,"column":25}},"3":{"start":{"line":17,"column":8},"end":{"line":17,"column":27}},"4":{"start":{"line":21,"column":8},"end":{"line":21,"column":26}},"5":{"start":{"line":25,"column":8},"end":{"line":25,"column":25}},"6":{"start":{"line":29,"column":8},"end":{"line":32,"column":10}},"7":{"start":{"line":5,"column":0},"end":{"line":5,"column":13}}},"fnMap":{"0":{"name":"(anonymous_0)","decl":{"start":{"line":10,"column":4},"end":{"line":10,"column":16}},"loc":{"start":{"line":10,"column":70},"end":{"line":14,"column":5}}},"1":{"name":"(anonymous_1)","decl":{"start":{"line":16,"column":4},"end":{"line":16,"column":13}},"loc":{"start":{"line":16,"column":13},"end":{"line":18,"column":5}}},"2":{"name":"(anonymous_2)","decl":{"start":{"line":20,"column":4},"end":{"line":20,"column":12}},"loc":{"start":{"line":20,"column":12},"end":{"line":22,"column":5}}},"3":{"name":"(anonymous_3)","decl":{"start":{"line":24,"column":4},"end":{"line":24,"column":10}},"loc":{"start":{"line":24,"column":10},"end":{"line":26,"column":5}}},"4":{"name":"(anonymous_4)","decl":{"start":{"line":28,"column":4},"end":{"line":28,"column":16}},"loc":{"start":{"line":28,"column":16},"end":{"line":33,"column":5}}}},"branchMap":{},"s":{"0":18,"1":18,"2":18,"3":15,"4":6,"5":19,"6":3,"7":3},"f":{"0":18,"1":15,"2":6,"3":19,"4":3},"b":{}}
,"E:\\Coding\\IUT\\3rdYear\\devAv\\realtime-elo-ranker\\apps\\realtime-elo-ranker-server\\src\\modules\\match\\services\\match\\match.service.ts": {"path":"E:\\Coding\\IUT\\3rdYear\\devAv\\realtime-elo-ranker\\apps\\realtime-elo-ranker-server\\src\\modules\\match\\services\\match\\match.service.ts","statementMap":{"0":{"start":{"line":2,"column":0},"end":{"line":2,"column":51}},"1":{"start":{"line":4,"column":0},"end":{"line":4,"column":53}},"2":{"start":{"line":6,"column":0},"end":{"line":6,"column":71}},"3":{"start":{"line":7,"column":0},"end":{"line":7,"column":54}},"4":{"start":{"line":11,"column":7},"end":{"line":104,"column":null}},"5":{"start":{"line":19,"column":25},"end":{"line":19,"column":40}},"6":{"start":{"line":20,"column":25},"end":{"line":20,"column":39}},"7":{"start":{"line":12,"column":21},"end":{"line":12,"column":28}},"8":{"start":{"line":16,"column":12},"end":{"line":16,"column":44}},"9":{"start":{"line":24,"column":23},"end":{"line":24,"column":78}},"10":{"start":{"line":25,"column":22},"end":{"line":25,"column":76}},"11":{"start":{"line":26,"column":8},"end":{"line":28,"column":9}},"12":{"start":{"line":27,"column":12},"end":{"line":27,"column":24}},"13":{"start":{"line":29,"column":8},"end":{"line":29,"column":55}},"14":{"start":{"line":33,"column":22},"end":{"line":33,"column":23}},"15":{"start":{"line":34,"column":8},"end":{"line":38,"column":9}},"16":{"start":{"line":35,"column":12},"end":{"line":35,"column":24}},"17":{"start":{"line":37,"column":12},"end":{"line":37,"column":24}},"18":{"start":{"line":39,"column":8},"end":{"line":41,"column":9}},"19":{"start":{"line":40,"column":12},"end":{"line":40,"column":26}},"20":{"start":{"line":42,"column":8},"end":{"line":42,"column":23}},"21":{"start":{"line":46,"column":27},"end":{"line":46,"column":83}},"22":{"start":{"line":47,"column":28},"end":{"line":47,"column":68}},"23":{"start":{"line":48,"column":31},"end":{"line":48,"column":75}},"24":{"start":{"line":49,"column":39},"end":{"line":49,"column":83}},"25":{"start":{"line":50,"column":8},"end":{"line":50,"column":93}},"26":{"start":{"line":54,"column":23},"end":{"line":54,"column":40}},"27":{"start":{"line":55,"column":22},"end":{"line":55,"column":38}},"28":{"start":{"line":57,"column":32},"end":{"line":57,"column":79}},"29":{"start":{"line":58,"column":31},"end":{"line":58,"column":50}},"30":{"start":{"line":60,"column":32},"end":{"line":60,"column":70}},"31":{"start":{"line":61,"column":31},"end":{"line":61,"column":68}},"32":{"start":{"line":63,"column":30},"end":{"line":63,"column":105}},"33":{"start":{"line":64,"column":29},"end":{"line":64,"column":101}},"34":{"start":{"line":66,"column":8},"end":{"line":66,"column":77}},"35":{"start":{"line":67,"column":8},"end":{"line":67,"column":75}},"36":{"start":{"line":69,"column":8},"end":{"line":69,"column":38}},"37":{"start":{"line":70,"column":8},"end":{"line":70,"column":36}},"38":{"start":{"line":71,"column":8},"end":{"line":74,"column":10}},"39":{"start":{"line":75,"column":8},"end":{"line":78,"column":10}},"40":{"start":{"line":82,"column":8},"end":{"line":82,"column":38}},"41":{"start":{"line":83,"column":8},"end":{"line":83,"column":64}},"42":{"start":{"line":84,"column":8},"end":{"line":84,"column":68}},"43":{"start":{"line":94,"column":8},"end":{"line":94,"column":44}},"44":{"start":{"line":95,"column":8},"end":{"line":95,"column":38}},"45":{"start":{"line":96,"column":8},"end":{"line":96,"column":21}},"46":{"start":{"line":100,"column":8},"end":{"line":100,"column":36}},"47":{"start":{"line":11,"column":13},"end":{"line":11,"column":25}},"48":{"start":{"line":11,"column":13},"end":{"line":104,"column":null}}},"fnMap":{"0":{"name":"(anonymous_2)","decl":{"start":{"line":18,"column":4},"end":{"line":18,"column":null}},"loc":{"start":{"line":20,"column":52},"end":{"line":21,"column":9}}},"1":{"name":"(anonymous_3)","decl":{"start":{"line":23,"column":11},"end":{"line":23,"column":16}},"loc":{"start":{"line":23,"column":51},"end":{"line":30,"column":5}}},"2":{"name":"(anonymous_4)","decl":{"start":{"line":32,"column":11},"end":{"line":32,"column":29}},"loc":{"start":{"line":32,"column":68},"end":{"line":43,"column":5}}},"3":{"name":"(anonymous_5)","decl":{"start":{"line":45,"column":11},"end":{"line":45,"column":38}},"loc":{"start":{"line":45,"column":80},"end":{"line":51,"column":5}}},"4":{"name":"(anonymous_6)","decl":{"start":{"line":53,"column":11},"end":{"line":53,"column":16}},"loc":{"start":{"line":53,"column":52},"end":{"line":79,"column":5}}},"5":{"name":"(anonymous_7)","decl":{"start":{"line":81,"column":11},"end":{"line":81,"column":28}},"loc":{"start":{"line":81,"column":46},"end":{"line":85,"column":5}}},"6":{"name":"(anonymous_8)","decl":{"start":{"line":87,"column":11},"end":{"line":87,"column":16}},"loc":{"start":{"line":87,"column":50},"end":{"line":97,"column":5}}},"7":{"name":"(anonymous_9)","decl":{"start":{"line":99,"column":11},"end":{"line":99,"column":23}},"loc":{"start":{"line":99,"column":41},"end":{"line":101,"column":5}}}},"branchMap":{"0":{"loc":{"start":{"line":26,"column":8},"end":{"line":28,"column":9}},"type":"if","locations":[{"start":{"line":26,"column":8},"end":{"line":28,"column":9}},{"start":{},"end":{}}]},"1":{"loc":{"start":{"line":26,"column":12},"end":{"line":26,"column":29}},"type":"binary-expr","locations":[{"start":{"line":26,"column":12},"end":{"line":26,"column":19}},{"start":{"line":26,"column":23},"end":{"line":26,"column":29}}]},"2":{"loc":{"start":{"line":34,"column":8},"end":{"line":38,"column":9}},"type":"if","locations":[{"start":{"line":34,"column":8},"end":{"line":38,"column":9}},{"start":{"line":36,"column":14},"end":{"line":38,"column":9}}]},"3":{"loc":{"start":{"line":34,"column":12},"end":{"line":34,"column":75}},"type":"binary-expr","locations":[{"start":{"line":34,"column":12},"end":{"line":34,"column":56}},{"start":{"line":34,"column":60},"end":{"line":34,"column":75}}]},"4":{"loc":{"start":{"line":39,"column":8},"end":{"line":41,"column":9}},"type":"if","locations":[{"start":{"line":39,"column":8},"end":{"line":41,"column":9}},{"start":{},"end":{}}]},"5":{"loc":{"start":{"line":46,"column":27},"end":{"line":46,"column":83}},"type":"cond-expr","locations":[{"start":{"line":46,"column":67},"end":{"line":46,"column":73}},{"start":{"line":46,"column":76},"end":{"line":46,"column":83}}]},"6":{"loc":{"start":{"line":47,"column":28},"end":{"line":47,"column":68}},"type":"cond-expr","locations":[{"start":{"line":47,"column":52},"end":{"line":47,"column":59}},{"start":{"line":47,"column":62},"end":{"line":47,"column":68}}]},"7":{"loc":{"start":{"line":50,"column":15},"end":{"line":50,"column":92}},"type":"cond-expr","locations":[{"start":{"line":50,"column":40},"end":{"line":50,"column":66}},{"start":{"line":50,"column":70},"end":{"line":50,"column":92}}]}},"s":{"0":2,"1":2,"2":2,"3":2,"4":2,"5":15,"6":15,"7":15,"8":15,"9":3,"10":3,"11":3,"12":2,"13":1,"14":9,"15":9,"16":3,"17":6,"18":9,"19":3,"20":9,"21":6,"22":6,"23":6,"24":6,"25":6,"26":3,"27":3,"28":3,"29":3,"30":3,"31":3,"32":3,"33":3,"34":3,"35":3,"36":3,"37":3,"38":3,"39":3,"40":2,"41":2,"42":2,"43":1,"44":1,"45":1,"46":1,"47":2,"48":2},"f":{"0":15,"1":3,"2":9,"3":6,"4":3,"5":2,"6":1,"7":1},"b":{"0":[2,1],"1":[3,2],"2":[3,6],"3":[9,5],"4":[3,6],"5":[5,1],"6":[5,1],"7":[5,1]}}
,"E:\\Coding\\IUT\\3rdYear\\devAv\\realtime-elo-ranker\\apps\\realtime-elo-ranker-server\\src\\modules\\player\\player.module.ts": {"path":"E:\\Coding\\IUT\\3rdYear\\devAv\\realtime-elo-ranker\\apps\\realtime-elo-ranker-server\\src\\modules\\player\\player.module.ts","statementMap":{"0":{"start":{"line":2,"column":0},"end":{"line":2,"column":39}},"1":{"start":{"line":3,"column":0},"end":{"line":3,"column":57}},"2":{"start":{"line":4,"column":0},"end":{"line":4,"column":66}},"3":{"start":{"line":5,"column":0},"end":{"line":5,"column":52}},"4":{"start":{"line":6,"column":0},"end":{"line":6,"column":54}},"5":{"start":{"line":7,"column":0},"end":{"line":7,"column":68}},"6":{"start":{"line":18,"column":7},"end":{"line":18,"column":null}},"7":{"start":{"line":18,"column":13},"end":{"line":18,"column":25}},"8":{"start":{"line":18,"column":13},"end":{"line":18,"column":null}}},"fnMap":{},"branchMap":{},"s":{"0":1,"1":1,"2":1,"3":1,"4":1,"5":1,"6":1,"7":1,"8":1},"f":{},"b":{}}
,"E:\\Coding\\IUT\\3rdYear\\devAv\\realtime-elo-ranker\\apps\\realtime-elo-ranker-server\\src\\modules\\player\\controller\\player.controller.ts": {"path":"E:\\Coding\\IUT\\3rdYear\\devAv\\realtime-elo-ranker\\apps\\realtime-elo-ranker-server\\src\\modules\\player\\controller\\player.controller.ts","statementMap":{"0":{"start":{"line":3,"column":0},"end":{"line":3,"column":71}},"1":{"start":{"line":4,"column":0},"end":{"line":4,"column":58}},"2":{"start":{"line":5,"column":0},"end":{"line":5,"column":58}},"3":{"start":{"line":8,"column":0},"end":{"line":8,"column":59}},"4":{"start":{"line":9,"column":0},"end":{"line":9,"column":87}},"5":{"start":{"line":12,"column":7},"end":{"line":46,"column":null}},"6":{"start":{"line":13,"column":33},"end":{"line":13,"column":48}},"7":{"start":{"line":18,"column":52},"end":{"line":18,"column":92}},"8":{"start":{"line":19,"column":8},"end":{"line":21,"column":9}},"9":{"start":{"line":20,"column":12},"end":{"line":20,"column":84}},"10":{"start":{"line":22,"column":38},"end":{"line":22,"column":118}},"11":{"start":{"line":22,"column":87},"end":{"line":22,"column":116}},"12":{"start":{"line":23,"column":8},"end":{"line":23,"column":24}},"13":{"start":{"line":29,"column":36},"end":{"line":29,"column":101}},"14":{"start":{"line":30,"column":23},"end":{"line":30,"column":65}},"15":{"start":{"line":31,"column":8},"end":{"line":33,"column":9}},"16":{"start":{"line":32,"column":12},"end":{"line":32,"column":82}},"17":{"start":{"line":34,"column":8},"end":{"line":34,"column":55}},"18":{"start":{"line":12,"column":13},"end":{"line":12,"column":29}},"19":{"start":{"line":17,"column":10},"end":{"line":24,"column":null}},"20":{"start":{"line":28,"column":10},"end":{"line":35,"column":null}},"21":{"start":{"line":12,"column":13},"end":{"line":46,"column":null}}},"fnMap":{"0":{"name":"(anonymous_4)","decl":{"start":{"line":13,"column":4},"end":{"line":13,"column":33}},"loc":{"start":{"line":13,"column":61},"end":{"line":13,"column":65}}},"1":{"name":"(anonymous_5)","decl":{"start":{"line":17,"column":10},"end":{"line":17,"column":23}},"loc":{"start":{"line":17,"column":23},"end":{"line":24,"column":5}}},"2":{"name":"(anonymous_6)","decl":{"start":{"line":22,"column":61},"end":{"line":22,"column":62}},"loc":{"start":{"line":22,"column":85},"end":{"line":22,"column":117}}},"3":{"name":"(anonymous_7)","decl":{"start":{"line":28,"column":10},"end":{"line":28,"column":19}},"loc":{"start":{"line":28,"column":60},"end":{"line":35,"column":5}}}},"branchMap":{"0":{"loc":{"start":{"line":19,"column":8},"end":{"line":21,"column":9}},"type":"if","locations":[{"start":{"line":19,"column":8},"end":{"line":21,"column":9}},{"start":{},"end":{}}]},"1":{"loc":{"start":{"line":31,"column":8},"end":{"line":33,"column":9}},"type":"if","locations":[{"start":{"line":31,"column":8},"end":{"line":33,"column":9}},{"start":{},"end":{}}]}},"s":{"0":2,"1":2,"2":2,"3":2,"4":2,"5":2,"6":5,"7":2,"8":2,"9":1,"10":1,"11":2,"12":1,"13":2,"14":2,"15":2,"16":1,"17":1,"18":2,"19":2,"20":2,"21":2},"f":{"0":5,"1":2,"2":2,"3":2},"b":{"0":[1,1],"1":[1,1]}}
,"E:\\Coding\\IUT\\3rdYear\\devAv\\realtime-elo-ranker\\apps\\realtime-elo-ranker-server\\src\\modules\\player\\dto\\createPlayer.dto.ts": {"path":"E:\\Coding\\IUT\\3rdYear\\devAv\\realtime-elo-ranker\\apps\\realtime-elo-ranker-server\\src\\modules\\player\\dto\\createPlayer.dto.ts","statementMap":{"0":{"start":{"line":2,"column":0},"end":{"line":2,"column":63}},"1":{"start":{"line":5,"column":0},"end":{"line":5,"column":13}},"2":{"start":{"line":9,"column":4},"end":{"line":9,"column":null}}},"fnMap":{},"branchMap":{},"s":{"0":4,"1":4,"2":4},"f":{},"b":{}}
,"E:\\Coding\\IUT\\3rdYear\\devAv\\realtime-elo-ranker\\apps\\realtime-elo-ranker-server\\src\\modules\\player\\dto\\player.dto.ts": {"path":"E:\\Coding\\IUT\\3rdYear\\devAv\\realtime-elo-ranker\\apps\\realtime-elo-ranker-server\\src\\modules\\player\\dto\\player.dto.ts","statementMap":{"0":{"start":{"line":2,"column":0},"end":{"line":2,"column":13}}},"fnMap":{},"branchMap":{},"s":{"0":7},"f":{},"b":{}}
,"E:\\Coding\\IUT\\3rdYear\\devAv\\realtime-elo-ranker\\apps\\realtime-elo-ranker-server\\src\\modules\\player\\entity\\player.entity.ts": {"path":"E:\\Coding\\IUT\\3rdYear\\devAv\\realtime-elo-ranker\\apps\\realtime-elo-ranker-server\\src\\modules\\player\\entity\\player.entity.ts","statementMap":{"0":{"start":{"line":2,"column":0},"end":{"line":2,"column":56}},"1":{"start":{"line":5,"column":7},"end":{"line":11,"column":null}},"2":{"start":{"line":5,"column":13},"end":{"line":5,"column":25}},"3":{"start":{"line":7,"column":4},"end":{"line":7,"column":null}},"4":{"start":{"line":10,"column":4},"end":{"line":10,"column":null}},"5":{"start":{"line":5,"column":13},"end":{"line":11,"column":null}}},"fnMap":{},"branchMap":{},"s":{"0":7,"1":7,"2":7,"3":7,"4":7,"5":7},"f":{},"b":{}}
,"E:\\Coding\\IUT\\3rdYear\\devAv\\realtime-elo-ranker\\apps\\realtime-elo-ranker-server\\src\\modules\\player\\model\\player.model.ts": {"path":"E:\\Coding\\IUT\\3rdYear\\devAv\\realtime-elo-ranker\\apps\\realtime-elo-ranker-server\\src\\modules\\player\\model\\player.model.ts","statementMap":{"0":{"start":{"line":9,"column":8},"end":{"line":9,"column":21}},"1":{"start":{"line":10,"column":8},"end":{"line":10,"column":25}},"2":{"start":{"line":14,"column":8},"end":{"line":14,"column":23}},"3":{"start":{"line":18,"column":8},"end":{"line":18,"column":25}},"4":{"start":{"line":22,"column":8},"end":{"line":22,"column":25}},"5":{"start":{"line":26,"column":8},"end":{"line":26,"column":21}},"6":{"start":{"line":30,"column":8},"end":{"line":33,"column":10}},"7":{"start":{"line":4,"column":0},"end":{"line":4,"column":13}}},"fnMap":{"0":{"name":"(anonymous_0)","decl":{"start":{"line":8,"column":4},"end":{"line":8,"column":16}},"loc":{"start":{"line":8,"column":40},"end":{"line":11,"column":5}}},"1":{"name":"(anonymous_1)","decl":{"start":{"line":13,"column":4},"end":{"line":13,"column":9}},"loc":{"start":{"line":13,"column":9},"end":{"line":15,"column":5}}},"2":{"name":"(anonymous_2)","decl":{"start":{"line":17,"column":4},"end":{"line":17,"column":11}},"loc":{"start":{"line":17,"column":11},"end":{"line":19,"column":5}}},"3":{"name":"(anonymous_3)","decl":{"start":{"line":21,"column":4},"end":{"line":21,"column":11}},"loc":{"start":{"line":21,"column":24},"end":{"line":23,"column":5}}},"4":{"name":"(anonymous_4)","decl":{"start":{"line":25,"column":4},"end":{"line":25,"column":9}},"loc":{"start":{"line":25,"column":20},"end":{"line":27,"column":5}}},"5":{"name":"(anonymous_5)","decl":{"start":{"line":29,"column":4},"end":{"line":29,"column":16}},"loc":{"start":{"line":29,"column":16},"end":{"line":34,"column":5}}}},"branchMap":{},"s":{"0":92,"1":92,"2":43,"3":83,"4":13,"5":1,"6":14,"7":9},"f":{"0":92,"1":43,"2":83,"3":13,"4":1,"5":14},"b":{}}
,"E:\\Coding\\IUT\\3rdYear\\devAv\\realtime-elo-ranker\\apps\\realtime-elo-ranker-server\\src\\modules\\player\\service\\player.service.ts": {"path":"E:\\Coding\\IUT\\3rdYear\\devAv\\realtime-elo-ranker\\apps\\realtime-elo-ranker-server\\src\\modules\\player\\service\\player.service.ts","statementMap":{"0":{"start":{"line":2,"column":0},"end":{"line":2,"column":50}},"1":{"start":{"line":3,"column":0},"end":{"line":3,"column":52}},"2":{"start":{"line":4,"column":0},"end":{"line":4,"column":46}},"3":{"start":{"line":5,"column":0},"end":{"line":5,"column":60}},"4":{"start":{"line":6,"column":0},"end":{"line":6,"column":72}},"5":{"start":{"line":8,"column":0},"end":{"line":8,"column":63}},"6":{"start":{"line":9,"column":0},"end":{"line":9,"column":56}},"7":{"start":{"line":10,"column":0},"end":{"line":10,"column":59}},"8":{"start":{"line":11,"column":0},"end":{"line":11,"column":51}},"9":{"start":{"line":15,"column":7},"end":{"line":210,"column":null}},"10":{"start":{"line":22,"column":16},"end":{"line":22,"column":34}},"11":{"start":{"line":24,"column":16},"end":{"line":24,"column":30}},"12":{"start":{"line":25,"column":16},"end":{"line":25,"column":30}},"13":{"start":{"line":18,"column":12},"end":{"line":18,"column":36}},"14":{"start":{"line":31,"column":47},"end":{"line":31,"column":81}},"15":{"start":{"line":32,"column":8},"end":{"line":34,"column":9}},"16":{"start":{"line":33,"column":12},"end":{"line":33,"column":114}},"17":{"start":{"line":35,"column":39},"end":{"line":37,"column":10}},"18":{"start":{"line":36,"column":12},"end":{"line":36,"column":59}},"19":{"start":{"line":38,"column":8},"end":{"line":38,"column":23}},"20":{"start":{"line":42,"column":29},"end":{"line":42,"column":47}},"21":{"start":{"line":43,"column":8},"end":{"line":43,"column":41}},"22":{"start":{"line":44,"column":8},"end":{"line":44,"column":45}},"23":{"start":{"line":45,"column":8},"end":{"line":51,"column":9}},"24":{"start":{"line":46,"column":12},"end":{"line":46,"column":59}},"25":{"start":{"line":47,"column":12},"end":{"line":47,"column":26}},"26":{"start":{"line":49,"column":12},"end":{"line":49,"column":102}},"27":{"start":{"line":50,"column":12},"end":{"line":50,"column":123}},"28":{"start":{"line":55,"column":29},"end":{"line":55,"column":72}},"29":{"start":{"line":56,"column":8},"end":{"line":58,"column":9}},"30":{"start":{"line":57,"column":12},"end":{"line":57,"column":24}},"31":{"start":{"line":59,"column":8},"end":{"line":59,"column":67}},"32":{"start":{"line":76,"column":31},"end":{"line":76,"column":76}},"33":{"start":{"line":77,"column":8},"end":{"line":79,"column":9}},"34":{"start":{"line":78,"column":12},"end":{"line":78,"column":79}},"35":{"start":{"line":81,"column":8},"end":{"line":81,"column":42}},"36":{"start":{"line":82,"column":8},"end":{"line":82,"column":27}},"37":{"start":{"line":83,"column":8},"end":{"line":85,"column":10}},"38":{"start":{"line":86,"column":8},"end":{"line":86,"column":22}},"39":{"start":{"line":98,"column":24},"end":{"line":98,"column":57}},"40":{"start":{"line":99,"column":8},"end":{"line":103,"column":9}},"41":{"start":{"line":100,"column":12},"end":{"line":100,"column":27}},"42":{"start":{"line":101,"column":14},"end":{"line":103,"column":9}},"43":{"start":{"line":102,"column":12},"end":{"line":102,"column":90}},"44":{"start":{"line":104,"column":8},"end":{"line":104,"column":23}},"45":{"start":{"line":108,"column":31},"end":{"line":108,"column":46}},"46":{"start":{"line":109,"column":8},"end":{"line":109,"column":null}},"47":{"start":{"line":110,"column":8},"end":{"line":110,"column":36}},"48":{"start":{"line":111,"column":8},"end":{"line":111,"column":19}},"49":{"start":{"line":115,"column":23},"end":{"line":115,"column":56}},"50":{"start":{"line":116,"column":8},"end":{"line":116,"column":22}},"51":{"start":{"line":127,"column":25},"end":{"line":127,"column":49}},"52":{"start":{"line":128,"column":8},"end":{"line":128,"column":76}},"53":{"start":{"line":129,"column":36},"end":{"line":129,"column":92}},"54":{"start":{"line":130,"column":8},"end":{"line":130,"column":22}},"55":{"start":{"line":143,"column":8},"end":{"line":143,"column":32}},"56":{"start":{"line":144,"column":8},"end":{"line":144,"column":42}},"57":{"start":{"line":151,"column":24},"end":{"line":151,"column":57}},"58":{"start":{"line":152,"column":8},"end":{"line":154,"column":9}},"59":{"start":{"line":153,"column":12},"end":{"line":153,"column":21}},"60":{"start":{"line":155,"column":8},"end":{"line":155,"column":30}},"61":{"start":{"line":163,"column":23},"end":{"line":163,"column":56}},"62":{"start":{"line":164,"column":8},"end":{"line":166,"column":9}},"63":{"start":{"line":165,"column":12},"end":{"line":165,"column":24}},"64":{"start":{"line":179,"column":24},"end":{"line":179,"column":57}},"65":{"start":{"line":180,"column":8},"end":{"line":182,"column":9}},"66":{"start":{"line":181,"column":12},"end":{"line":181,"column":21}},"67":{"start":{"line":183,"column":26},"end":{"line":183,"column":84}},"68":{"start":{"line":183,"column":58},"end":{"line":183,"column":80}},"69":{"start":{"line":184,"column":8},"end":{"line":184,"column":42}},"70":{"start":{"line":203,"column":8},"end":{"line":203,"column":113}},"71":{"start":{"line":208,"column":8},"end":{"line":208,"column":137}},"72":{"start":{"line":15,"column":13},"end":{"line":15,"column":26}},"73":{"start":{"line":202,"column":4},"end":{"line":204,"column":null}},"74":{"start":{"line":207,"column":4},"end":{"line":209,"column":null}},"75":{"start":{"line":15,"column":13},"end":{"line":210,"column":null}}},"fnMap":{"0":{"name":"(anonymous_4)","decl":{"start":{"line":20,"column":4},"end":{"line":20,"column":null}},"loc":{"start":{"line":25,"column":43},"end":{"line":28,"column":5}}},"1":{"name":"(anonymous_5)","decl":{"start":{"line":30,"column":4},"end":{"line":30,"column":9}},"loc":{"start":{"line":30,"column":30},"end":{"line":39,"column":5}}},"2":{"name":"(anonymous_6)","decl":{"start":{"line":35,"column":58},"end":{"line":35,"column":59}},"loc":{"start":{"line":35,"column":83},"end":{"line":37,"column":9}}},"3":{"name":"(anonymous_7)","decl":{"start":{"line":41,"column":4},"end":{"line":41,"column":9}},"loc":{"start":{"line":41,"column":44},"end":{"line":52,"column":5}}},"4":{"name":"(anonymous_8)","decl":{"start":{"line":54,"column":4},"end":{"line":54,"column":9}},"loc":{"start":{"line":54,"column":39},"end":{"line":60,"column":5}}},"5":{"name":"(anonymous_9)","decl":{"start":{"line":75,"column":11},"end":{"line":75,"column":16}},"loc":{"start":{"line":75,"column":46},"end":{"line":87,"column":5}}},"6":{"name":"(anonymous_10)","decl":{"start":{"line":97,"column":11},"end":{"line":97,"column":16}},"loc":{"start":{"line":97,"column":30},"end":{"line":105,"column":5}}},"7":{"name":"(anonymous_11)","decl":{"start":{"line":107,"column":11},"end":{"line":107,"column":23}},"loc":{"start":{"line":107,"column":43},"end":{"line":112,"column":5}}},"8":{"name":"(anonymous_12)","decl":{"start":{"line":114,"column":11},"end":{"line":114,"column":25}},"loc":{"start":{"line":114,"column":40},"end":{"line":117,"column":5}}},"9":{"name":"(anonymous_13)","decl":{"start":{"line":126,"column":11},"end":{"line":126,"column":16}},"loc":{"start":{"line":126,"column":61},"end":{"line":131,"column":5}}},"10":{"name":"(anonymous_14)","decl":{"start":{"line":142,"column":11},"end":{"line":142,"column":16}},"loc":{"start":{"line":142,"column":74},"end":{"line":145,"column":5}}},"11":{"name":"(anonymous_15)","decl":{"start":{"line":150,"column":11},"end":{"line":150,"column":16}},"loc":{"start":{"line":150,"column":31},"end":{"line":156,"column":5}}},"12":{"name":"(anonymous_16)","decl":{"start":{"line":162,"column":11},"end":{"line":162,"column":16}},"loc":{"start":{"line":162,"column":47},"end":{"line":168,"column":5}}},"13":{"name":"(anonymous_17)","decl":{"start":{"line":178,"column":11},"end":{"line":178,"column":16}},"loc":{"start":{"line":178,"column":28},"end":{"line":185,"column":5}}},"14":{"name":"(anonymous_18)","decl":{"start":{"line":183,"column":41},"end":{"line":183,"column":42}},"loc":{"start":{"line":183,"column":58},"end":{"line":183,"column":80}}},"15":{"name":"(anonymous_19)","decl":{"start":{"line":202,"column":4},"end":{"line":202,"column":28}},"loc":{"start":{"line":202,"column":49},"end":{"line":204,"column":5}}},"16":{"name":"(anonymous_20)","decl":{"start":{"line":207,"column":4},"end":{"line":207,"column":29}},"loc":{"start":{"line":207,"column":74},"end":{"line":209,"column":5}}}},"branchMap":{"0":{"loc":{"start":{"line":32,"column":8},"end":{"line":34,"column":9}},"type":"if","locations":[{"start":{"line":32,"column":8},"end":{"line":34,"column":9}},{"start":{},"end":{}}]},"1":{"loc":{"start":{"line":56,"column":8},"end":{"line":58,"column":9}},"type":"if","locations":[{"start":{"line":56,"column":8},"end":{"line":58,"column":9}},{"start":{},"end":{}}]},"2":{"loc":{"start":{"line":77,"column":8},"end":{"line":79,"column":9}},"type":"if","locations":[{"start":{"line":77,"column":8},"end":{"line":79,"column":9}},{"start":{},"end":{}}]},"3":{"loc":{"start":{"line":99,"column":8},"end":{"line":103,"column":9}},"type":"if","locations":[{"start":{"line":99,"column":8},"end":{"line":103,"column":9}},{"start":{"line":101,"column":14},"end":{"line":103,"column":9}}]},"4":{"loc":{"start":{"line":101,"column":14},"end":{"line":103,"column":9}},"type":"if","locations":[{"start":{"line":101,"column":14},"end":{"line":103,"column":9}},{"start":{},"end":{}}]},"5":{"loc":{"start":{"line":129,"column":60},"end":{"line":129,"column":91}},"type":"cond-expr","locations":[{"start":{"line":129,"column":76},"end":{"line":129,"column":84}},{"start":{"line":129,"column":87},"end":{"line":129,"column":91}}]},"6":{"loc":{"start":{"line":152,"column":8},"end":{"line":154,"column":9}},"type":"if","locations":[{"start":{"line":152,"column":8},"end":{"line":154,"column":9}},{"start":{},"end":{}}]},"7":{"loc":{"start":{"line":164,"column":8},"end":{"line":166,"column":9}},"type":"if","locations":[{"start":{"line":164,"column":8},"end":{"line":166,"column":9}},{"start":{},"end":{}}]},"8":{"loc":{"start":{"line":180,"column":8},"end":{"line":182,"column":9}},"type":"if","locations":[{"start":{"line":180,"column":8},"end":{"line":182,"column":9}},{"start":{},"end":{}}]}},"s":{"0":7,"1":7,"2":7,"3":7,"4":7,"5":7,"6":7,"7":7,"8":7,"9":7,"10":22,"11":22,"12":22,"13":22,"14":10,"15":10,"16":5,"17":5,"18":10,"19":5,"20":4,"21":4,"22":4,"23":4,"24":4,"25":3,"26":1,"27":1,"28":6,"29":6,"30":3,"31":3,"32":2,"33":2,"34":1,"35":1,"36":1,"37":1,"38":1,"39":2,"40":2,"41":1,"42":1,"43":0,"44":1,"45":1,"46":1,"47":1,"48":1,"49":1,"50":1,"51":2,"52":2,"53":2,"54":2,"55":1,"56":1,"57":2,"58":2,"59":1,"60":1,"61":2,"62":2,"63":1,"64":4,"65":4,"66":2,"67":2,"68":4,"69":2,"70":0,"71":0,"72":7,"73":7,"74":7,"75":7},"f":{"0":22,"1":10,"2":10,"3":4,"4":6,"5":2,"6":2,"7":1,"8":1,"9":2,"10":1,"11":2,"12":2,"13":4,"14":4,"15":0,"16":0},"b":{"0":[5,5],"1":[3,3],"2":[1,1],"3":[1,1],"4":[0,1],"5":[1,1],"6":[1,1],"7":[1,1],"8":[2,2]}}
,"E:\\Coding\\IUT\\3rdYear\\devAv\\realtime-elo-ranker\\apps\\realtime-elo-ranker-server\\src\\modules\\ranking\\ranking.module.ts": {"path":"E:\\Coding\\IUT\\3rdYear\\devAv\\realtime-elo-ranker\\apps\\realtime-elo-ranker-server\\src\\modules\\ranking\\ranking.module.ts","statementMap":{"0":{"start":{"line":2,"column":0},"end":{"line":2,"column":40}},"1":{"start":{"line":3,"column":0},"end":{"line":3,"column":76}},"2":{"start":{"line":4,"column":0},"end":{"line":4,"column":68}},"3":{"start":{"line":5,"column":0},"end":{"line":5,"column":55}},"4":{"start":{"line":6,"column":0},"end":{"line":6,"column":52}},"5":{"start":{"line":14,"column":7},"end":{"line":14,"column":null}},"6":{"start":{"line":14,"column":13},"end":{"line":14,"column":26}},"7":{"start":{"line":14,"column":13},"end":{"line":14,"column":null}}},"fnMap":{},"branchMap":{},"s":{"0":1,"1":1,"2":1,"3":1,"4":1,"5":1,"6":1,"7":1},"f":{},"b":{}}
,"E:\\Coding\\IUT\\3rdYear\\devAv\\realtime-elo-ranker\\apps\\realtime-elo-ranker-server\\src\\modules\\ranking\\controller\\ranking\\ranking.controller.ts": {"path":"E:\\Coding\\IUT\\3rdYear\\devAv\\realtime-elo-ranker\\apps\\realtime-elo-ranker-server\\src\\modules\\ranking\\controller\\ranking\\ranking.controller.ts","statementMap":{"0":{"start":{"line":2,"column":0},"end":{"line":2,"column":64}},"1":{"start":{"line":3,"column":0},"end":{"line":3,"column":72}},"2":{"start":{"line":5,"column":0},"end":{"line":5,"column":62}},"3":{"start":{"line":6,"column":0},"end":{"line":6,"column":90}},"4":{"start":{"line":8,"column":0},"end":{"line":8,"column":34}},"5":{"start":{"line":9,"column":0},"end":{"line":9,"column":54}},"6":{"start":{"line":11,"column":0},"end":{"line":11,"column":76}},"7":{"start":{"line":14,"column":7},"end":{"line":75,"column":null}},"8":{"start":{"line":17,"column":25},"end":{"line":17,"column":41}},"9":{"start":{"line":18,"column":25},"end":{"line":18,"column":39}},"10":{"start":{"line":24,"column":52},"end":{"line":24,"column":90}},"11":{"start":{"line":25,"column":8},"end":{"line":27,"column":9}},"12":{"start":{"line":26,"column":12},"end":{"line":26,"column":89}},"13":{"start":{"line":28,"column":38},"end":{"line":28,"column":118}},"14":{"start":{"line":28,"column":87},"end":{"line":28,"column":116}},"15":{"start":{"line":30,"column":8},"end":{"line":30,"column":24}},"16":{"start":{"line":38,"column":8},"end":{"line":68,"column":11}},"17":{"start":{"line":40,"column":42},"end":{"line":58,"column":13}},"18":{"start":{"line":41,"column":63},"end":{"line":41,"column":90}},"19":{"start":{"line":42,"column":16},"end":{"line":42,"column":55}},"20":{"start":{"line":43,"column":31},"end":{"line":43,"column":43}},"21":{"start":{"line":45,"column":45},"end":{"line":45,"column":66}},"22":{"start":{"line":46,"column":16},"end":{"line":46,"column":46}},"23":{"start":{"line":47,"column":16},"end":{"line":47,"column":50}},"24":{"start":{"line":49,"column":16},"end":{"line":49,"column":51}},"25":{"start":{"line":55,"column":16},"end":{"line":57,"column":35}},"26":{"start":{"line":60,"column":12},"end":{"line":60,"column":75}},"27":{"start":{"line":61,"column":12},"end":{"line":61,"column":74}},"28":{"start":{"line":62,"column":12},"end":{"line":62,"column":74}},"29":{"start":{"line":63,"column":12},"end":{"line":67,"column":14}},"30":{"start":{"line":64,"column":16},"end":{"line":64,"column":80}},"31":{"start":{"line":65,"column":16},"end":{"line":65,"column":79}},"32":{"start":{"line":66,"column":16},"end":{"line":66,"column":79}},"33":{"start":{"line":14,"column":13},"end":{"line":14,"column":30}},"34":{"start":{"line":23,"column":10},"end":{"line":31,"column":null}},"35":{"start":{"line":37,"column":4},"end":{"line":69,"column":null}},"36":{"start":{"line":14,"column":13},"end":{"line":75,"column":null}}},"fnMap":{"0":{"name":"(anonymous_2)","decl":{"start":{"line":16,"column":4},"end":{"line":16,"column":null}},"loc":{"start":{"line":18,"column":52},"end":{"line":19,"column":8}}},"1":{"name":"(anonymous_3)","decl":{"start":{"line":23,"column":10},"end":{"line":23,"column":20}},"loc":{"start":{"line":23,"column":20},"end":{"line":31,"column":5}}},"2":{"name":"(anonymous_4)","decl":{"start":{"line":28,"column":61},"end":{"line":28,"column":62}},"loc":{"start":{"line":28,"column":85},"end":{"line":28,"column":117}}},"3":{"name":"(anonymous_5)","decl":{"start":{"line":37,"column":4},"end":{"line":37,"column":35}},"loc":{"start":{"line":37,"column":35},"end":{"line":69,"column":5}}},"4":{"name":"(anonymous_6)","decl":{"start":{"line":38,"column":44},"end":{"line":38,"column":45}},"loc":{"start":{"line":38,"column":59},"end":{"line":68,"column":9}}},"5":{"name":"(anonymous_7)","decl":{"start":{"line":40,"column":42},"end":{"line":40,"column":43}},"loc":{"start":{"line":40,"column":72},"end":{"line":58,"column":13}}},"6":{"name":"(anonymous_8)","decl":{"start":{"line":63,"column":19},"end":{"line":63,"column":22}},"loc":{"start":{"line":63,"column":24},"end":{"line":67,"column":13}}}},"branchMap":{"0":{"loc":{"start":{"line":25,"column":8},"end":{"line":27,"column":9}},"type":"if","locations":[{"start":{"line":25,"column":8},"end":{"line":27,"column":9}},{"start":{},"end":{}}]}},"s":{"0":2,"1":2,"2":2,"3":2,"4":2,"5":2,"6":2,"7":2,"8":8,"9":8,"10":3,"11":3,"12":1,"13":2,"14":3,"15":2,"16":4,"17":3,"18":1,"19":1,"20":1,"21":1,"22":1,"23":1,"24":1,"25":1,"26":3,"27":3,"28":3,"29":3,"30":3,"31":3,"32":3,"33":2,"34":2,"35":2,"36":2},"f":{"0":8,"1":3,"2":3,"3":4,"4":3,"5":1,"6":3},"b":{"0":[1,2]}}
,"E:\\Coding\\IUT\\3rdYear\\devAv\\realtime-elo-ranker\\apps\\realtime-elo-ranker-server\\src\\modules\\ranking\\services\\ranking\\ranking.service.ts": {"path":"E:\\Coding\\IUT\\3rdYear\\devAv\\realtime-elo-ranker\\apps\\realtime-elo-ranker-server\\src\\modules\\ranking\\services\\ranking\\ranking.service.ts","statementMap":{"0":{"start":{"line":2,"column":0},"end":{"line":2,"column":51}},"1":{"start":{"line":3,"column":0},"end":{"line":3,"column":75}},"2":{"start":{"line":5,"column":0},"end":{"line":5,"column":62}},"3":{"start":{"line":6,"column":0},"end":{"line":6,"column":71}},"4":{"start":{"line":10,"column":7},"end":{"line":38,"column":null}},"5":{"start":{"line":14,"column":16},"end":{"line":14,"column":30}},"6":{"start":{"line":15,"column":16},"end":{"line":15,"column":31}},"7":{"start":{"line":17,"column":8},"end":{"line":17,"column":26}},"8":{"start":{"line":30,"column":27},"end":{"line":30,"column":67}},"9":{"start":{"line":31,"column":8},"end":{"line":33,"column":9}},"10":{"start":{"line":32,"column":13},"end":{"line":32,"column":119}},"11":{"start":{"line":34,"column":8},"end":{"line":34,"column":102}},"12":{"start":{"line":34,"column":75},"end":{"line":34,"column":100}},"13":{"start":{"line":36,"column":8},"end":{"line":36,"column":28}},"14":{"start":{"line":10,"column":13},"end":{"line":10,"column":27}},"15":{"start":{"line":10,"column":13},"end":{"line":38,"column":null}}},"fnMap":{"0":{"name":"(anonymous_2)","decl":{"start":{"line":13,"column":4},"end":{"line":13,"column":null}},"loc":{"start":{"line":15,"column":44},"end":{"line":18,"column":5}}},"1":{"name":"(anonymous_3)","decl":{"start":{"line":20,"column":11},"end":{"line":20,"column":16}},"loc":{"start":{"line":20,"column":27},"end":{"line":37,"column":5}}},"2":{"name":"(anonymous_4)","decl":{"start":{"line":34,"column":39},"end":{"line":34,"column":40}},"loc":{"start":{"line":34,"column":75},"end":{"line":34,"column":100}}}},"branchMap":{"0":{"loc":{"start":{"line":31,"column":8},"end":{"line":33,"column":9}},"type":"if","locations":[{"start":{"line":31,"column":8},"end":{"line":33,"column":9}},{"start":{},"end":{}}]}},"s":{"0":3,"1":3,"2":3,"3":3,"4":3,"5":6,"6":6,"7":6,"8":6,"9":6,"10":1,"11":5,"12":9,"13":5,"14":3,"15":3},"f":{"0":6,"1":6,"2":9},"b":{"0":[1,5]}}
}
