TN:
SF:src\app.controller.ts
FN:6,(anonymous_2)
FN:9,(anonymous_3)
FNF:2
FNH:2
FNDA:1,(anonymous_2)
FNDA:1,(anonymous_3)
DA:1,1
DA:2,1
DA:5,1
DA:6,1
DA:9,1
DA:10,1
LF:6
LH:6
BRF:0
BRH:0
end_of_record
TN:
SF:src\app.module.ts
FNF:0
FNH:0
DA:2,0
DA:5,0
DA:6,0
DA:7,0
DA:8,0
DA:9,0
DA:35,0
LF:7
LH:0
BRF:0
BRH:0
end_of_record
TN:
SF:src\app.service.ts
FN:6,(anonymous_1)
FNF:1
FNH:1
FNDA:1,(anonymous_1)
DA:2,1
DA:5,1
DA:7,1
LF:3
LH:3
BRF:0
BRH:0
end_of_record
TN:
SF:src\main.ts
FN:7,bootstrap
FN:19,(anonymous_1)
FN:21,(anonymous_2)
FNF:3
FNH:0
FNDA:0,bootstrap
FNDA:0,(anonymous_1)
FNDA:0,(anonymous_2)
DA:2,0
DA:3,0
DA:4,0
DA:5,0
DA:8,0
DA:9,0
DA:10,0
DA:17,0
DA:20,0
DA:21,0
DA:23,0
DA:26,0
DA:28,0
LF:13
LH:0
BRDA:21,0,0,0
BRDA:21,0,1,0
BRDA:26,1,0,0
BRDA:26,1,1,0
BRF:4
BRH:0
end_of_record
TN:
SF:src\common\exceptions\custom-http.exception.ts
FN:5,(anonymous_0)
FNF:1
FNH:1
FNDA:5,(anonymous_0)
DA:2,4
DA:4,4
DA:6,5
LF:3
LH:3
BRF:0
BRH:0
end_of_record
TN:
SF:src\modules\error\error.module.ts
FNF:0
FNH:0
DA:2,1
DA:3,1
DA:11,1
LF:3
LH:3
BRF:0
BRH:0
end_of_record
TN:
SF:src\modules\error\dto\error.dto.ts
FNF:0
FNH:0
DA:2,0
LF:1
LH:0
BRF:0
BRH:0
end_of_record
TN:
SF:src\modules\error\model\error.model.ts
FN:7,(anonymous_0)
FN:12,(anonymous_1)
FN:19,(anonymous_2)
FN:23,(anonymous_3)
FNF:4
FNH:4
FNDA:30,(anonymous_0)
FNDA:8,(anonymous_1)
FNDA:16,(anonymous_2)
FNDA:7,(anonymous_3)
DA:2,9
DA:8,30
DA:9,30
DA:13,8
DA:20,16
DA:24,7
LF:6
LH:6
BRF:0
BRH:0
end_of_record
TN:
SF:src\modules\error\services\error\error.service.ts
FN:8,(anonymous_1)
FN:12,(anonymous_2)
FNF:2
FNH:2
FNDA:5,(anonymous_1)
FNDA:3,(anonymous_2)
DA:2,8
DA:3,8
DA:7,8
DA:9,5
DA:13,3
LF:5
LH:5
BRF:0
BRH:0
end_of_record
TN:
SF:src\modules\event\event.module.ts
FNF:0
FNH:0
DA:2,0
DA:5,0
LF:2
LH:0
BRF:0
BRH:0
end_of_record
TN:
SF:src\modules\event\dto\RankingEvent.dt.ts
FNF:0
FNH:0
DA:2,0
LF:1
LH:0
BRF:0
BRH:0
end_of_record
TN:
SF:src\modules\event\dto\RankingUpdateDto.ts
FNF:0
FNH:0
DA:4,2
LF:1
LH:1
BRF:0
BRH:0
end_of_record
TN:
SF:src\modules\match\match.module.ts
FNF:0
FNH:0
DA:2,0
DA:3,0
DA:4,0
DA:5,0
DA:6,0
DA:7,0
DA:15,0
LF:7
LH:0
BRF:0
BRH:0
end_of_record
TN:
SF:src\modules\match\controller\match\match.controller.ts
FN:13,(anonymous_4)
FN:20,(anonymous_5)
FNF:2
FNH:2
FNDA:4,(anonymous_4)
FNDA:3,(anonymous_5)
DA:2,1
DA:3,1
DA:4,1
DA:5,1
DA:6,1
DA:11,1
DA:14,4
DA:15,4
DA:20,1
DA:22,3
DA:23,3
DA:24,2
DA:25,2
DA:27,1
DA:28,1
LF:15
LH:15
BRDA:23,0,0,2
BRDA:23,0,1,1
BRF:2
BRH:2
end_of_record
TN:
SF:src\modules\match\dto\createMatch.dto.ts
FNF:0
FNH:0
DA:2,3
DA:4,3
DA:8,3
DA:13,3
DA:17,3
LF:5
LH:5
BRF:0
BRH:0
end_of_record
TN:
SF:src\modules\match\dto\matchResult.dto.ts
FNF:0
FNH:0
DA:4,0
LF:1
LH:0
BRF:0
BRH:0
end_of_record
TN:
SF:src\modules\match\model\match.model.ts
FN:10,(anonymous_0)
FN:16,(anonymous_1)
FN:20,(anonymous_2)
FN:24,(anonymous_3)
FN:28,(anonymous_4)
FNF:5
FNH:5
FNDA:18,(anonymous_0)
FNDA:15,(anonymous_1)
FNDA:6,(anonymous_2)
FNDA:19,(anonymous_3)
FNDA:3,(anonymous_4)
DA:5,3
DA:11,18
DA:12,18
DA:13,18
DA:17,15
DA:21,6
DA:25,19
DA:29,3
LF:8
LH:8
BRF:0
BRH:0
end_of_record
TN:
SF:src\modules\match\services\match\match.service.ts
FN:18,(anonymous_2)
FN:23,(anonymous_3)
FN:32,(anonymous_4)
FN:45,(anonymous_5)
FN:53,(anonymous_6)
FN:81,(anonymous_7)
FN:87,(anonymous_8)
FN:99,(anonymous_9)
FNF:8
FNH:8
FNDA:15,(anonymous_2)
FNDA:3,(anonymous_3)
FNDA:9,(anonymous_4)
FNDA:6,(anonymous_5)
FNDA:3,(anonymous_6)
FNDA:2,(anonymous_7)
FNDA:1,(anonymous_8)
FNDA:1,(anonymous_9)
DA:2,2
DA:4,2
DA:6,2
DA:7,2
DA:11,2
DA:12,15
DA:16,15
DA:19,15
DA:20,15
DA:24,3
DA:25,3
DA:26,3
DA:27,2
DA:29,1
DA:33,9
DA:34,9
DA:35,3
DA:37,6
DA:39,9
DA:40,3
DA:42,9
DA:46,6
DA:47,6
DA:48,6
DA:49,6
DA:50,6
DA:54,3
DA:55,3
DA:57,3
DA:58,3
DA:60,3
DA:61,3
DA:63,3
DA:64,3
DA:66,3
DA:67,3
DA:69,3
DA:70,3
DA:71,3
DA:75,3
DA:82,2
DA:83,2
DA:84,2
DA:94,1
DA:95,1
DA:96,1
DA:100,1
LF:47
LH:47
BRDA:26,0,0,2
BRDA:26,0,1,1
BRDA:26,1,0,3
BRDA:26,1,1,2
BRDA:34,2,0,3
BRDA:34,2,1,6
BRDA:34,3,0,9
BRDA:34,3,1,5
BRDA:39,4,0,3
BRDA:39,4,1,6
BRDA:46,5,0,5
BRDA:46,5,1,1
BRDA:47,6,0,5
BRDA:47,6,1,1
BRDA:50,7,0,5
BRDA:50,7,1,1
BRF:16
BRH:16
end_of_record
TN:
SF:src\modules\player\player.module.ts
FNF:0
FNH:0
DA:2,1
DA:3,1
DA:4,1
DA:5,1
DA:6,1
DA:7,1
DA:18,1
LF:7
LH:7
BRF:0
BRH:0
end_of_record
TN:
SF:src\modules\player\controller\player.controller.ts
FN:13,(anonymous_4)
FN:17,(anonymous_5)
FN:22,(anonymous_6)
FN:28,(anonymous_7)
FNF:4
FNH:4
FNDA:5,(anonymous_4)
FNDA:2,(anonymous_5)
FNDA:2,(anonymous_6)
FNDA:2,(anonymous_7)
DA:3,2
DA:4,2
DA:5,2
DA:8,2
DA:9,2
DA:12,2
DA:13,5
DA:17,2
DA:18,2
DA:19,2
DA:20,1
DA:22,2
DA:23,1
DA:28,2
DA:29,2
DA:30,2
DA:31,2
DA:32,1
DA:34,1
LF:19
LH:19
BRDA:19,0,0,1
BRDA:19,0,1,1
BRDA:31,1,0,1
BRDA:31,1,1,1
BRF:4
BRH:4
end_of_record
TN:
SF:src\modules\player\dto\createPlayer.dto.ts
FNF:0
FNH:0
DA:2,4
DA:5,4
DA:9,4
LF:3
LH:3
BRF:0
BRH:0
end_of_record
TN:
SF:src\modules\player\dto\player.dto.ts
FNF:0
FNH:0
DA:2,7
LF:1
LH:1
BRF:0
BRH:0
end_of_record
TN:
SF:src\modules\player\entity\player.entity.ts
FNF:0
FNH:0
DA:2,7
DA:5,7
DA:7,7
DA:10,7
LF:4
LH:4
BRF:0
BRH:0
end_of_record
TN:
SF:src\modules\player\model\player.model.ts
FN:8,(anonymous_0)
FN:13,(anonymous_1)
FN:17,(anonymous_2)
FN:21,(anonymous_3)
FN:25,(anonymous_4)
FN:29,(anonymous_5)
FNF:6
FNH:6
FNDA:92,(anonymous_0)
FNDA:43,(anonymous_1)
FNDA:83,(anonymous_2)
FNDA:13,(anonymous_3)
FNDA:1,(anonymous_4)
FNDA:14,(anonymous_5)
DA:4,9
DA:9,92
DA:10,92
DA:14,43
DA:18,83
DA:22,13
DA:26,1
DA:30,14
LF:8
LH:8
BRF:0
BRH:0
end_of_record
TN:
SF:src\modules\player\service\player.service.ts
FN:20,(anonymous_4)
FN:30,(anonymous_5)
FN:35,(anonymous_6)
FN:41,(anonymous_7)
FN:54,(anonymous_8)
FN:75,(anonymous_9)
FN:97,(anonymous_10)
FN:107,(anonymous_11)
FN:114,(anonymous_12)
FN:126,(anonymous_13)
FN:142,(anonymous_14)
FN:150,(anonymous_15)
FN:162,(anonymous_16)
FN:178,(anonymous_17)
FN:183,(anonymous_18)
FN:202,(anonymous_19)
FN:207,(anonymous_20)
FNF:17
FNH:15
FNDA:22,(anonymous_4)
FNDA:10,(anonymous_5)
FNDA:10,(anonymous_6)
FNDA:4,(anonymous_7)
FNDA:6,(anonymous_8)
FNDA:2,(anonymous_9)
FNDA:2,(anonymous_10)
FNDA:1,(anonymous_11)
FNDA:1,(anonymous_12)
FNDA:2,(anonymous_13)
FNDA:1,(anonymous_14)
FNDA:2,(anonymous_15)
FNDA:2,(anonymous_16)
FNDA:4,(anonymous_17)
FNDA:4,(anonymous_18)
FNDA:0,(anonymous_19)
FNDA:0,(anonymous_20)
DA:2,7
DA:3,7
DA:4,7
DA:5,7
DA:6,7
DA:8,7
DA:9,7
DA:10,7
DA:11,7
DA:15,7
DA:18,22
DA:22,22
DA:24,22
DA:25,22
DA:31,10
DA:32,10
DA:33,5
DA:35,5
DA:36,10
DA:38,5
DA:42,4
DA:43,4
DA:44,4
DA:45,4
DA:46,4
DA:47,3
DA:49,1
DA:50,1
DA:55,6
DA:56,6
DA:57,3
DA:59,3
DA:76,2
DA:77,2
DA:78,1
DA:81,1
DA:82,1
DA:83,1
DA:86,1
DA:98,2
DA:99,2
DA:100,1
DA:101,1
DA:102,0
DA:104,1
DA:108,1
DA:109,1
DA:110,1
DA:111,1
DA:115,1
DA:116,1
DA:127,2
DA:128,2
DA:129,2
DA:130,2
DA:143,1
DA:144,1
DA:151,2
DA:152,2
DA:153,1
DA:155,1
DA:163,2
DA:164,2
DA:165,1
DA:179,4
DA:180,4
DA:181,2
DA:183,4
DA:184,2
DA:202,7
DA:203,0
DA:207,7
DA:208,0
LF:73
LH:70
BRDA:32,0,0,5
BRDA:32,0,1,5
BRDA:56,1,0,3
BRDA:56,1,1,3
BRDA:77,2,0,1
BRDA:77,2,1,1
BRDA:99,3,0,1
BRDA:99,3,1,1
BRDA:101,4,0,0
BRDA:101,4,1,1
BRDA:129,5,0,1
BRDA:129,5,1,1
BRDA:152,6,0,1
BRDA:152,6,1,1
BRDA:164,7,0,1
BRDA:164,7,1,1
BRDA:180,8,0,2
BRDA:180,8,1,2
BRF:18
BRH:17
end_of_record
TN:
SF:src\modules\ranking\ranking.module.ts
FNF:0
FNH:0
DA:2,1
DA:3,1
DA:4,1
DA:5,1
DA:6,1
DA:14,1
LF:6
LH:6
BRF:0
BRH:0
end_of_record
TN:
SF:src\modules\ranking\controller\ranking\ranking.controller.ts
FN:16,(anonymous_2)
FN:23,(anonymous_3)
FN:28,(anonymous_4)
FN:37,(anonymous_5)
FN:38,(anonymous_6)
FN:40,(anonymous_7)
FN:63,(anonymous_8)
FNF:7
FNH:7
FNDA:8,(anonymous_2)
FNDA:3,(anonymous_3)
FNDA:3,(anonymous_4)
FNDA:4,(anonymous_5)
FNDA:3,(anonymous_6)
FNDA:1,(anonymous_7)
FNDA:3,(anonymous_8)
DA:2,2
DA:3,2
DA:5,2
DA:6,2
DA:8,2
DA:9,2
DA:11,2
DA:14,2
DA:17,8
DA:18,8
DA:23,2
DA:24,3
DA:25,3
DA:26,1
DA:28,3
DA:30,2
DA:37,2
DA:38,4
DA:40,3
DA:41,1
DA:42,1
DA:43,1
DA:45,1
DA:46,1
DA:47,1
DA:49,1
DA:55,1
DA:60,3
DA:61,3
DA:62,3
DA:63,3
DA:64,3
DA:65,3
DA:66,3
LF:34
LH:34
BRDA:25,0,0,1
BRDA:25,0,1,2
BRF:2
BRH:2
end_of_record
TN:
SF:src\modules\ranking\services\ranking\ranking.service.ts
FN:13,(anonymous_2)
FN:20,(anonymous_3)
FN:34,(anonymous_4)
FNF:3
FNH:3
FNDA:6,(anonymous_2)
FNDA:6,(anonymous_3)
FNDA:9,(anonymous_4)
DA:2,3
DA:3,3
DA:5,3
DA:6,3
DA:10,3
DA:14,6
DA:15,6
DA:17,6
DA:30,6
DA:31,6
DA:32,1
DA:34,9
DA:36,5
LF:13
LH:13
BRDA:31,0,0,1
BRDA:31,0,1,5
BRF:2
BRH:2
end_of_record
